/usr/bin/make all 
/usr/bin/cmake -H/home/ali/buddy/laptop-software/kinect-image/Color_tracking/src -B/home/ali/buddy/laptop-software/kinect-image/Color_tracking/build --check-build-system CMakeFiles/Makefile.cmake 0
/usr/bin/cmake -E cmake_progress_start /home/ali/buddy/laptop-software/kinect-image/Color_tracking/build/CMakeFiles /home/ali/buddy/laptop-software/kinect-image/Color_tracking/build/CMakeFiles/progress.marks
/usr/bin/make -f CMakeFiles/Makefile2 all
make[1]: Entering directory `/home/ali/buddy/laptop-software/kinect-image/Color_tracking/build'
/usr/bin/make -f opencv_test/CMakeFiles/objectTracker.dir/build.make opencv_test/CMakeFiles/objectTracker.dir/depend
make[2]: Entering directory `/home/ali/buddy/laptop-software/kinect-image/Color_tracking/build'
cd /home/ali/buddy/laptop-software/kinect-image/Color_tracking/build && /usr/bin/cmake -E cmake_depends "Unix Makefiles" /home/ali/buddy/laptop-software/kinect-image/Color_tracking/src /home/ali/buddy/laptop-software/kinect-image/Color_tracking/src/opencv_test /home/ali/buddy/laptop-software/kinect-image/Color_tracking/build /home/ali/buddy/laptop-software/kinect-image/Color_tracking/build/opencv_test /home/ali/buddy/laptop-software/kinect-image/Color_tracking/build/opencv_test/CMakeFiles/objectTracker.dir/DependInfo.cmake --color=
make[2]: Leaving directory `/home/ali/buddy/laptop-software/kinect-image/Color_tracking/build'
/usr/bin/make -f opencv_test/CMakeFiles/objectTracker.dir/build.make opencv_test/CMakeFiles/objectTracker.dir/build
make[2]: Entering directory `/home/ali/buddy/laptop-software/kinect-image/Color_tracking/build'
/usr/bin/cmake -E cmake_progress_report /home/ali/buddy/laptop-software/kinect-image/Color_tracking/build/CMakeFiles 6
[ 14%] Building CXX object opencv_test/CMakeFiles/objectTracker.dir/src/DepthConverter.cpp.o
cd /home/ali/buddy/laptop-software/kinect-image/Color_tracking/build/opencv_test && /usr/bin/c++   -DROS_BUILD_SHARED_LIBS=1 -DROS_PACKAGE_NAME=\"opencv_test\" -DROSCONSOLE_BACKEND_LOG4CXX -I/home/ali/buddy/laptop-software/kinect-image/Color_tracking/devel/include -I/opt/ros/hydro/include -I/opt/ros/hydro/include/opencv -I/usr/include/eigen3 -I/usr/include/pcl-1.7 -I/usr/include/ni -I/usr/include/vtk-5.8 -I/usr/include/qhull    -o CMakeFiles/objectTracker.dir/src/DepthConverter.cpp.o -c /home/ali/buddy/laptop-software/kinect-image/Color_tracking/src/opencv_test/src/DepthConverter.cpp
Linking CXX executable /home/ali/buddy/laptop-software/kinect-image/Color_tracking/devel/lib/opencv_test/objectTracker
cd /home/ali/buddy/laptop-software/kinect-image/Color_tracking/build/opencv_test && /usr/bin/cmake -E cmake_link_script CMakeFiles/objectTracker.dir/link.txt --verbose=1
/usr/bin/c++       CMakeFiles/objectTracker.dir/src/ObjectTracker.cpp.o CMakeFiles/objectTracker.dir/src/ImageConverter.cpp.o CMakeFiles/objectTracker.dir/src/DepthConverter.cpp.o  -o /home/ali/buddy/laptop-software/kinect-image/Color_tracking/devel/lib/opencv_test/objectTracker -rdynamic /opt/ros/hydro/lib/libcv_bridge.so /opt/ros/hydro/lib/libopencv_calib3d.so /opt/ros/hydro/lib/libopencv_contrib.so /opt/ros/hydro/lib/libopencv_core.so /opt/ros/hydro/lib/libopencv_features2d.so /opt/ros/hydro/lib/libopencv_flann.so /opt/ros/hydro/lib/libopencv_gpu.so /opt/ros/hydro/lib/libopencv_highgui.so /opt/ros/hydro/lib/libopencv_imgproc.so /opt/ros/hydro/lib/libopencv_legacy.so /opt/ros/hydro/lib/libopencv_ml.so /opt/ros/hydro/lib/libopencv_nonfree.so /opt/ros/hydro/lib/libopencv_objdetect.so /opt/ros/hydro/lib/libopencv_photo.so /opt/ros/hydro/lib/libopencv_stitching.so /opt/ros/hydro/lib/libopencv_superres.so /opt/ros/hydro/lib/libopencv_video.so /opt/ros/hydro/lib/libopencv_videostab.so /opt/ros/hydro/lib/libimage_transport.so /opt/ros/hydro/lib/libpcl_ros_filters.so /opt/ros/hydro/lib/libpcl_ros_io.so /opt/ros/hydro/lib/libpcl_ros_tf.so -lpcl_common -lpcl_kdtree -lpcl_octree -lpcl_search -lpcl_io -lpcl_sample_consensus -lpcl_filters -lpcl_visualization -lpcl_outofcore -lpcl_features -lpcl_segmentation -lpcl_people -lpcl_registration -lpcl_recognition -lpcl_keypoints -lpcl_surface -lpcl_tracking -lpcl_apps -lboost_iostreams-mt -lboost_serialization-mt -lqhull -lOpenNI -Wl,-Bstatic -lflann_cpp_s -Wl,-Bdynamic /opt/ros/hydro/lib/libdynamic_reconfigure_config_init_mutex.so /opt/ros/hydro/lib/libnodeletlib.so /opt/ros/hydro/lib/libbondcpp.so -luuid -ltinyxml /opt/ros/hydro/lib/libclass_loader.so -lPocoFoundation -ldl /opt/ros/hydro/lib/libroslib.so /opt/ros/hydro/lib/librosbag.so /opt/ros/hydro/lib/librosbag_storage.so -lboost_program_options-mt /opt/ros/hydro/lib/libtopic_tools.so /opt/ros/hydro/lib/libtf.so /opt/ros/hydro/lib/libtf2_ros.so /opt/ros/hydro/lib/libactionlib.so /opt/ros/hydro/lib/libmessage_filters.so /opt/ros/hydro/lib/libroscpp.so -lboost_signals-mt -lboost_filesystem-mt /opt/ros/hydro/lib/libxmlrpcpp.so /opt/ros/hydro/lib/libtf2.so /opt/ros/hydro/lib/libroscpp_serialization.so /opt/ros/hydro/lib/librosconsole.so /opt/ros/hydro/lib/librosconsole_log4cxx.so /opt/ros/hydro/lib/librosconsole_backend_interface.so -llog4cxx -lboost_regex-mt /opt/ros/hydro/lib/librostime.so -lboost_date_time-mt -lboost_system-mt -lboost_thread-mt -lpthread /opt/ros/hydro/lib/libcpp_common.so /opt/ros/hydro/lib/libconsole_bridge.so -Wl,-rpath,/opt/ros/hydro/lib 
make[2]: Leaving directory `/home/ali/buddy/laptop-software/kinect-image/Color_tracking/build'
/usr/bin/cmake -E cmake_progress_report /home/ali/buddy/laptop-software/kinect-image/Color_tracking/build/CMakeFiles  4 5 6
[ 42%] Built target objectTracker
/usr/bin/make -f opencv_test/CMakeFiles/std_msgs_generate_messages_cpp.dir/build.make opencv_test/CMakeFiles/std_msgs_generate_messages_cpp.dir/depend
make[2]: Entering directory `/home/ali/buddy/laptop-software/kinect-image/Color_tracking/build'
cd /home/ali/buddy/laptop-software/kinect-image/Color_tracking/build && /usr/bin/cmake -E cmake_depends "Unix Makefiles" /home/ali/buddy/laptop-software/kinect-image/Color_tracking/src /home/ali/buddy/laptop-software/kinect-image/Color_tracking/src/opencv_test /home/ali/buddy/laptop-software/kinect-image/Color_tracking/build /home/ali/buddy/laptop-software/kinect-image/Color_tracking/build/opencv_test /home/ali/buddy/laptop-software/kinect-image/Color_tracking/build/opencv_test/CMakeFiles/std_msgs_generate_messages_cpp.dir/DependInfo.cmake --color=
make[2]: Leaving directory `/home/ali/buddy/laptop-software/kinect-image/Color_tracking/build'
/usr/bin/make -f opencv_test/CMakeFiles/std_msgs_generate_messages_cpp.dir/build.make opencv_test/CMakeFiles/std_msgs_generate_messages_cpp.dir/build
make[2]: Entering directory `/home/ali/buddy/laptop-software/kinect-image/Color_tracking/build'
make[2]: Nothing to be done for `opencv_test/CMakeFiles/std_msgs_generate_messages_cpp.dir/build'.
make[2]: Leaving directory `/home/ali/buddy/laptop-software/kinect-image/Color_tracking/build'
/usr/bin/cmake -E cmake_progress_report /home/ali/buddy/laptop-software/kinect-image/Color_tracking/build/CMakeFiles 
[ 42%] Built target std_msgs_generate_messages_cpp
/usr/bin/make -f opencv_test/CMakeFiles/sensor_msgs_generate_messages_cpp.dir/build.make opencv_test/CMakeFiles/sensor_msgs_generate_messages_cpp.dir/depend
make[2]: Entering directory `/home/ali/buddy/laptop-software/kinect-image/Color_tracking/build'
cd /home/ali/buddy/laptop-software/kinect-image/Color_tracking/build && /usr/bin/cmake -E cmake_depends "Unix Makefiles" /home/ali/buddy/laptop-software/kinect-image/Color_tracking/src /home/ali/buddy/laptop-software/kinect-image/Color_tracking/src/opencv_test /home/ali/buddy/laptop-software/kinect-image/Color_tracking/build /home/ali/buddy/laptop-software/kinect-image/Color_tracking/build/opencv_test /home/ali/buddy/laptop-software/kinect-image/Color_tracking/build/opencv_test/CMakeFiles/sensor_msgs_generate_messages_cpp.dir/DependInfo.cmake --color=
make[2]: Leaving directory `/home/ali/buddy/laptop-software/kinect-image/Color_tracking/build'
/usr/bin/make -f opencv_test/CMakeFiles/sensor_msgs_generate_messages_cpp.dir/build.make opencv_test/CMakeFiles/sensor_msgs_generate_messages_cpp.dir/build
make[2]: Entering directory `/home/ali/buddy/laptop-software/kinect-image/Color_tracking/build'
make[2]: Nothing to be done for `opencv_test/CMakeFiles/sensor_msgs_generate_messages_cpp.dir/build'.
make[2]: Leaving directory `/home/ali/buddy/laptop-software/kinect-image/Color_tracking/build'
/usr/bin/cmake -E cmake_progress_report /home/ali/buddy/laptop-software/kinect-image/Color_tracking/build/CMakeFiles 
[ 42%] Built target sensor_msgs_generate_messages_cpp
/usr/bin/make -f opencv_test/CMakeFiles/opencv_test_generate_messages_cpp.dir/build.make opencv_test/CMakeFiles/opencv_test_generate_messages_cpp.dir/depend
make[2]: Entering directory `/home/ali/buddy/laptop-software/kinect-image/Color_tracking/build'
cd /home/ali/buddy/laptop-software/kinect-image/Color_tracking/build && /usr/bin/cmake -E cmake_depends "Unix Makefiles" /home/ali/buddy/laptop-software/kinect-image/Color_tracking/src /home/ali/buddy/laptop-software/kinect-image/Color_tracking/src/opencv_test /home/ali/buddy/laptop-software/kinect-image/Color_tracking/build /home/ali/buddy/laptop-software/kinect-image/Color_tracking/build/opencv_test /home/ali/buddy/laptop-software/kinect-image/Color_tracking/build/opencv_test/CMakeFiles/opencv_test_generate_messages_cpp.dir/DependInfo.cmake --color=
make[2]: Leaving directory `/home/ali/buddy/laptop-software/kinect-image/Color_tracking/build'
/usr/bin/make -f opencv_test/CMakeFiles/opencv_test_generate_messages_cpp.dir/build.make opencv_test/CMakeFiles/opencv_test_generate_messages_cpp.dir/build
make[2]: Entering directory `/home/ali/buddy/laptop-software/kinect-image/Color_tracking/build'
make[2]: Nothing to be done for `opencv_test/CMakeFiles/opencv_test_generate_messages_cpp.dir/build'.
make[2]: Leaving directory `/home/ali/buddy/laptop-software/kinect-image/Color_tracking/build'
/usr/bin/cmake -E cmake_progress_report /home/ali/buddy/laptop-software/kinect-image/Color_tracking/build/CMakeFiles  7
[ 57%] Built target opencv_test_generate_messages_cpp
/usr/bin/make -f opencv_test/CMakeFiles/std_msgs_generate_messages_lisp.dir/build.make opencv_test/CMakeFiles/std_msgs_generate_messages_lisp.dir/depend
make[2]: Entering directory `/home/ali/buddy/laptop-software/kinect-image/Color_tracking/build'
cd /home/ali/buddy/laptop-software/kinect-image/Color_tracking/build && /usr/bin/cmake -E cmake_depends "Unix Makefiles" /home/ali/buddy/laptop-software/kinect-image/Color_tracking/src /home/ali/buddy/laptop-software/kinect-image/Color_tracking/src/opencv_test /home/ali/buddy/laptop-software/kinect-image/Color_tracking/build /home/ali/buddy/laptop-software/kinect-image/Color_tracking/build/opencv_test /home/ali/buddy/laptop-software/kinect-image/Color_tracking/build/opencv_test/CMakeFiles/std_msgs_generate_messages_lisp.dir/DependInfo.cmake --color=
make[2]: Leaving directory `/home/ali/buddy/laptop-software/kinect-image/Color_tracking/build'
/usr/bin/make -f opencv_test/CMakeFiles/std_msgs_generate_messages_lisp.dir/build.make opencv_test/CMakeFiles/std_msgs_generate_messages_lisp.dir/build
make[2]: Entering directory `/home/ali/buddy/laptop-software/kinect-image/Color_tracking/build'
make[2]: Nothing to be done for `opencv_test/CMakeFiles/std_msgs_generate_messages_lisp.dir/build'.
make[2]: Leaving directory `/home/ali/buddy/laptop-software/kinect-image/Color_tracking/build'
/usr/bin/cmake -E cmake_progress_report /home/ali/buddy/laptop-software/kinect-image/Color_tracking/build/CMakeFiles 
[ 57%] Built target std_msgs_generate_messages_lisp
/usr/bin/make -f opencv_test/CMakeFiles/sensor_msgs_generate_messages_lisp.dir/build.make opencv_test/CMakeFiles/sensor_msgs_generate_messages_lisp.dir/depend
make[2]: Entering directory `/home/ali/buddy/laptop-software/kinect-image/Color_tracking/build'
cd /home/ali/buddy/laptop-software/kinect-image/Color_tracking/build && /usr/bin/cmake -E cmake_depends "Unix Makefiles" /home/ali/buddy/laptop-software/kinect-image/Color_tracking/src /home/ali/buddy/laptop-software/kinect-image/Color_tracking/src/opencv_test /home/ali/buddy/laptop-software/kinect-image/Color_tracking/build /home/ali/buddy/laptop-software/kinect-image/Color_tracking/build/opencv_test /home/ali/buddy/laptop-software/kinect-image/Color_tracking/build/opencv_test/CMakeFiles/sensor_msgs_generate_messages_lisp.dir/DependInfo.cmake --color=
make[2]: Leaving directory `/home/ali/buddy/laptop-software/kinect-image/Color_tracking/build'
/usr/bin/make -f opencv_test/CMakeFiles/sensor_msgs_generate_messages_lisp.dir/build.make opencv_test/CMakeFiles/sensor_msgs_generate_messages_lisp.dir/build
make[2]: Entering directory `/home/ali/buddy/laptop-software/kinect-image/Color_tracking/build'
make[2]: Nothing to be done for `opencv_test/CMakeFiles/sensor_msgs_generate_messages_lisp.dir/build'.
make[2]: Leaving directory `/home/ali/buddy/laptop-software/kinect-image/Color_tracking/build'
/usr/bin/cmake -E cmake_progress_report /home/ali/buddy/laptop-software/kinect-image/Color_tracking/build/CMakeFiles 
[ 57%] Built target sensor_msgs_generate_messages_lisp
/usr/bin/make -f opencv_test/CMakeFiles/opencv_test_generate_messages_lisp.dir/build.make opencv_test/CMakeFiles/opencv_test_generate_messages_lisp.dir/depend
make[2]: Entering directory `/home/ali/buddy/laptop-software/kinect-image/Color_tracking/build'
cd /home/ali/buddy/laptop-software/kinect-image/Color_tracking/build && /usr/bin/cmake -E cmake_depends "Unix Makefiles" /home/ali/buddy/laptop-software/kinect-image/Color_tracking/src /home/ali/buddy/laptop-software/kinect-image/Color_tracking/src/opencv_test /home/ali/buddy/laptop-software/kinect-image/Color_tracking/build /home/ali/buddy/laptop-software/kinect-image/Color_tracking/build/opencv_test /home/ali/buddy/laptop-software/kinect-image/Color_tracking/build/opencv_test/CMakeFiles/opencv_test_generate_messages_lisp.dir/DependInfo.cmake --color=
make[2]: Leaving directory `/home/ali/buddy/laptop-software/kinect-image/Color_tracking/build'
/usr/bin/make -f opencv_test/CMakeFiles/opencv_test_generate_messages_lisp.dir/build.make opencv_test/CMakeFiles/opencv_test_generate_messages_lisp.dir/build
make[2]: Entering directory `/home/ali/buddy/laptop-software/kinect-image/Color_tracking/build'
make[2]: Nothing to be done for `opencv_test/CMakeFiles/opencv_test_generate_messages_lisp.dir/build'.
make[2]: Leaving directory `/home/ali/buddy/laptop-software/kinect-image/Color_tracking/build'
/usr/bin/cmake -E cmake_progress_report /home/ali/buddy/laptop-software/kinect-image/Color_tracking/build/CMakeFiles  8
[ 71%] Built target opencv_test_generate_messages_lisp
/usr/bin/make -f opencv_test/CMakeFiles/std_msgs_generate_messages_py.dir/build.make opencv_test/CMakeFiles/std_msgs_generate_messages_py.dir/depend
make[2]: Entering directory `/home/ali/buddy/laptop-software/kinect-image/Color_tracking/build'
cd /home/ali/buddy/laptop-software/kinect-image/Color_tracking/build && /usr/bin/cmake -E cmake_depends "Unix Makefiles" /home/ali/buddy/laptop-software/kinect-image/Color_tracking/src /home/ali/buddy/laptop-software/kinect-image/Color_tracking/src/opencv_test /home/ali/buddy/laptop-software/kinect-image/Color_tracking/build /home/ali/buddy/laptop-software/kinect-image/Color_tracking/build/opencv_test /home/ali/buddy/laptop-software/kinect-image/Color_tracking/build/opencv_test/CMakeFiles/std_msgs_generate_messages_py.dir/DependInfo.cmake --color=
make[2]: Leaving directory `/home/ali/buddy/laptop-software/kinect-image/Color_tracking/build'
/usr/bin/make -f opencv_test/CMakeFiles/std_msgs_generate_messages_py.dir/build.make opencv_test/CMakeFiles/std_msgs_generate_messages_py.dir/build
make[2]: Entering directory `/home/ali/buddy/laptop-software/kinect-image/Color_tracking/build'
make[2]: Nothing to be done for `opencv_test/CMakeFiles/std_msgs_generate_messages_py.dir/build'.
make[2]: Leaving directory `/home/ali/buddy/laptop-software/kinect-image/Color_tracking/build'
/usr/bin/cmake -E cmake_progress_report /home/ali/buddy/laptop-software/kinect-image/Color_tracking/build/CMakeFiles 
[ 71%] Built target std_msgs_generate_messages_py
/usr/bin/make -f opencv_test/CMakeFiles/sensor_msgs_generate_messages_py.dir/build.make opencv_test/CMakeFiles/sensor_msgs_generate_messages_py.dir/depend
make[2]: Entering directory `/home/ali/buddy/laptop-software/kinect-image/Color_tracking/build'
cd /home/ali/buddy/laptop-software/kinect-image/Color_tracking/build && /usr/bin/cmake -E cmake_depends "Unix Makefiles" /home/ali/buddy/laptop-software/kinect-image/Color_tracking/src /home/ali/buddy/laptop-software/kinect-image/Color_tracking/src/opencv_test /home/ali/buddy/laptop-software/kinect-image/Color_tracking/build /home/ali/buddy/laptop-software/kinect-image/Color_tracking/build/opencv_test /home/ali/buddy/laptop-software/kinect-image/Color_tracking/build/opencv_test/CMakeFiles/sensor_msgs_generate_messages_py.dir/DependInfo.cmake --color=
make[2]: Leaving directory `/home/ali/buddy/laptop-software/kinect-image/Color_tracking/build'
/usr/bin/make -f opencv_test/CMakeFiles/sensor_msgs_generate_messages_py.dir/build.make opencv_test/CMakeFiles/sensor_msgs_generate_messages_py.dir/build
make[2]: Entering directory `/home/ali/buddy/laptop-software/kinect-image/Color_tracking/build'
make[2]: Nothing to be done for `opencv_test/CMakeFiles/sensor_msgs_generate_messages_py.dir/build'.
make[2]: Leaving directory `/home/ali/buddy/laptop-software/kinect-image/Color_tracking/build'
/usr/bin/cmake -E cmake_progress_report /home/ali/buddy/laptop-software/kinect-image/Color_tracking/build/CMakeFiles 
[ 71%] Built target sensor_msgs_generate_messages_py
/usr/bin/make -f opencv_test/CMakeFiles/opencv_test_generate_messages_py.dir/build.make opencv_test/CMakeFiles/opencv_test_generate_messages_py.dir/depend
make[2]: Entering directory `/home/ali/buddy/laptop-software/kinect-image/Color_tracking/build'
cd /home/ali/buddy/laptop-software/kinect-image/Color_tracking/build && /usr/bin/cmake -E cmake_depends "Unix Makefiles" /home/ali/buddy/laptop-software/kinect-image/Color_tracking/src /home/ali/buddy/laptop-software/kinect-image/Color_tracking/src/opencv_test /home/ali/buddy/laptop-software/kinect-image/Color_tracking/build /home/ali/buddy/laptop-software/kinect-image/Color_tracking/build/opencv_test /home/ali/buddy/laptop-software/kinect-image/Color_tracking/build/opencv_test/CMakeFiles/opencv_test_generate_messages_py.dir/DependInfo.cmake --color=
make[2]: Leaving directory `/home/ali/buddy/laptop-software/kinect-image/Color_tracking/build'
/usr/bin/make -f opencv_test/CMakeFiles/opencv_test_generate_messages_py.dir/build.make opencv_test/CMakeFiles/opencv_test_generate_messages_py.dir/build
make[2]: Entering directory `/home/ali/buddy/laptop-software/kinect-image/Color_tracking/build'
make[2]: Nothing to be done for `opencv_test/CMakeFiles/opencv_test_generate_messages_py.dir/build'.
make[2]: Leaving directory `/home/ali/buddy/laptop-software/kinect-image/Color_tracking/build'
/usr/bin/cmake -E cmake_progress_report /home/ali/buddy/laptop-software/kinect-image/Color_tracking/build/CMakeFiles  9 10
[100%] Built target opencv_test_generate_messages_py
/usr/bin/make -f opencv_test/CMakeFiles/opencv_test_generate_messages.dir/build.make opencv_test/CMakeFiles/opencv_test_generate_messages.dir/depend
make[2]: Entering directory `/home/ali/buddy/laptop-software/kinect-image/Color_tracking/build'
cd /home/ali/buddy/laptop-software/kinect-image/Color_tracking/build && /usr/bin/cmake -E cmake_depends "Unix Makefiles" /home/ali/buddy/laptop-software/kinect-image/Color_tracking/src /home/ali/buddy/laptop-software/kinect-image/Color_tracking/src/opencv_test /home/ali/buddy/laptop-software/kinect-image/Color_tracking/build /home/ali/buddy/laptop-software/kinect-image/Color_tracking/build/opencv_test /home/ali/buddy/laptop-software/kinect-image/Color_tracking/build/opencv_test/CMakeFiles/opencv_test_generate_messages.dir/DependInfo.cmake --color=
make[2]: Leaving directory `/home/ali/buddy/laptop-software/kinect-image/Color_tracking/build'
/usr/bin/make -f opencv_test/CMakeFiles/opencv_test_generate_messages.dir/build.make opencv_test/CMakeFiles/opencv_test_generate_messages.dir/build
make[2]: Entering directory `/home/ali/buddy/laptop-software/kinect-image/Color_tracking/build'
make[2]: Nothing to be done for `opencv_test/CMakeFiles/opencv_test_generate_messages.dir/build'.
make[2]: Leaving directory `/home/ali/buddy/laptop-software/kinect-image/Color_tracking/build'
/usr/bin/cmake -E cmake_progress_report /home/ali/buddy/laptop-software/kinect-image/Color_tracking/build/CMakeFiles 
[100%] Built target opencv_test_generate_messages
make[1]: Leaving directory `/home/ali/buddy/laptop-software/kinect-image/Color_tracking/build'
/usr/bin/cmake -E cmake_progress_start /home/ali/buddy/laptop-software/kinect-image/Color_tracking/build/CMakeFiles 0
