Analysis & Synthesis report for encoder_dir_speed
Thu Oct 02 02:14:01 2014
Quartus II 32-bit Version 12.1 Build 243 01/31/2013 Service Pack 1 SJ Web Edition


---------------------
; Table of Contents ;
---------------------
  1. Legal Notice
  2. Analysis & Synthesis Summary
  3. Analysis & Synthesis Settings
  4. Parallel Compilation
  5. Analysis & Synthesis Source Files Read
  6. Analysis & Synthesis Resource Usage Summary
  7. Analysis & Synthesis Resource Utilization by Entity
  8. State Machine - |encoder_dir_speed|currentState
  9. State Machine - |encoder_dir_speed|prevState
 10. Registers Removed During Synthesis
 11. Removed Registers Triggering Further Register Optimizations
 12. General Register Statistics
 13. Parameter Settings for User Entity Instance: Top-level Entity: |encoder_dir_speed
 14. Elapsed Time Per Partition
 15. Analysis & Synthesis Messages



----------------
; Legal Notice ;
----------------
Copyright (C) 1991-2012 Altera Corporation
Your use of Altera Corporation's design tools, logic functions 
and other software and tools, and its AMPP partner logic 
functions, and any output files from any of the foregoing 
(including device programming or simulation files), and any 
associated documentation or information are expressly subject 
to the terms and conditions of the Altera Program License 
Subscription Agreement, Altera MegaCore Function License 
Agreement, or other applicable license agreement, including, 
without limitation, that your use is for the sole purpose of 
programming logic devices manufactured by Altera and sold by 
Altera or its authorized distributors.  Please refer to the 
applicable agreement for further details.



+------------------------------------------------------------------------------------+
; Analysis & Synthesis Summary                                                       ;
+------------------------------------+-----------------------------------------------+
; Analysis & Synthesis Status        ; Successful - Thu Oct 02 02:14:01 2014         ;
; Quartus II 32-bit Version          ; 12.1 Build 243 01/31/2013 SP 1 SJ Web Edition ;
; Revision Name                      ; encoder_dir_speed                             ;
; Top-level Entity Name              ; encoder_dir_speed                             ;
; Family                             ; Cyclone II                                    ;
; Total logic elements               ; 0                                             ;
;     Total combinational functions  ; 0                                             ;
;     Dedicated logic registers      ; 0                                             ;
; Total registers                    ; 0                                             ;
; Total pins                         ; 5                                             ;
; Total virtual pins                 ; 0                                             ;
; Total memory bits                  ; 0                                             ;
; Embedded Multiplier 9-bit elements ; 0                                             ;
; Total PLLs                         ; 0                                             ;
+------------------------------------+-----------------------------------------------+


+----------------------------------------------------------------------------------------------------------------------+
; Analysis & Synthesis Settings                                                                                        ;
+----------------------------------------------------------------------------+--------------------+--------------------+
; Option                                                                     ; Setting            ; Default Value      ;
+----------------------------------------------------------------------------+--------------------+--------------------+
; Device                                                                     ; EP2C5T144C8        ;                    ;
; Top-level entity name                                                      ; encoder_dir_speed  ; encoder_dir_speed  ;
; Family name                                                                ; Cyclone II         ; Cyclone IV GX      ;
; Use smart compilation                                                      ; Off                ; Off                ;
; Enable parallel Assembler and TimeQuest Timing Analyzer during compilation ; On                 ; On                 ;
; Enable compact report table                                                ; Off                ; Off                ;
; Restructure Multiplexers                                                   ; Auto               ; Auto               ;
; Create Debugging Nodes for IP Cores                                        ; Off                ; Off                ;
; Preserve fewer node names                                                  ; On                 ; On                 ;
; Disable OpenCore Plus hardware evaluation                                  ; Off                ; Off                ;
; Verilog Version                                                            ; Verilog_2001       ; Verilog_2001       ;
; VHDL Version                                                               ; VHDL_1993          ; VHDL_1993          ;
; State Machine Processing                                                   ; Auto               ; Auto               ;
; Safe State Machine                                                         ; Off                ; Off                ;
; Extract Verilog State Machines                                             ; On                 ; On                 ;
; Extract VHDL State Machines                                                ; On                 ; On                 ;
; Ignore Verilog initial constructs                                          ; Off                ; Off                ;
; Iteration limit for constant Verilog loops                                 ; 5000               ; 5000               ;
; Iteration limit for non-constant Verilog loops                             ; 250                ; 250                ;
; Add Pass-Through Logic to Inferred RAMs                                    ; On                 ; On                 ;
; Infer RAMs from Raw Logic                                                  ; On                 ; On                 ;
; Parallel Synthesis                                                         ; On                 ; On                 ;
; DSP Block Balancing                                                        ; Auto               ; Auto               ;
; NOT Gate Push-Back                                                         ; On                 ; On                 ;
; Power-Up Don't Care                                                        ; On                 ; On                 ;
; Remove Redundant Logic Cells                                               ; Off                ; Off                ;
; Remove Duplicate Registers                                                 ; On                 ; On                 ;
; Ignore CARRY Buffers                                                       ; Off                ; Off                ;
; Ignore CASCADE Buffers                                                     ; Off                ; Off                ;
; Ignore GLOBAL Buffers                                                      ; Off                ; Off                ;
; Ignore ROW GLOBAL Buffers                                                  ; Off                ; Off                ;
; Ignore LCELL Buffers                                                       ; Off                ; Off                ;
; Ignore SOFT Buffers                                                        ; On                 ; On                 ;
; Limit AHDL Integers to 32 Bits                                             ; Off                ; Off                ;
; Optimization Technique                                                     ; Balanced           ; Balanced           ;
; Carry Chain Length                                                         ; 70                 ; 70                 ;
; Auto Carry Chains                                                          ; On                 ; On                 ;
; Auto Open-Drain Pins                                                       ; On                 ; On                 ;
; Perform WYSIWYG Primitive Resynthesis                                      ; Off                ; Off                ;
; Auto ROM Replacement                                                       ; On                 ; On                 ;
; Auto RAM Replacement                                                       ; On                 ; On                 ;
; Auto Shift Register Replacement                                            ; Auto               ; Auto               ;
; Allow Shift Register Merging across Hierarchies                            ; Auto               ; Auto               ;
; Auto Clock Enable Replacement                                              ; On                 ; On                 ;
; Strict RAM Replacement                                                     ; Off                ; Off                ;
; Allow Synchronous Control Signals                                          ; On                 ; On                 ;
; Force Use of Synchronous Clear Signals                                     ; Off                ; Off                ;
; Auto RAM to Logic Cell Conversion                                          ; Off                ; Off                ;
; Auto Resource Sharing                                                      ; Off                ; Off                ;
; Allow Any RAM Size For Recognition                                         ; Off                ; Off                ;
; Allow Any ROM Size For Recognition                                         ; Off                ; Off                ;
; Allow Any Shift Register Size For Recognition                              ; Off                ; Off                ;
; Use LogicLock Constraints during Resource Balancing                        ; On                 ; On                 ;
; Ignore translate_off and synthesis_off directives                          ; Off                ; Off                ;
; Timing-Driven Synthesis                                                    ; Off                ; Off                ;
; Report Parameter Settings                                                  ; On                 ; On                 ;
; Report Source Assignments                                                  ; On                 ; On                 ;
; Report Connectivity Checks                                                 ; On                 ; On                 ;
; Ignore Maximum Fan-Out Assignments                                         ; Off                ; Off                ;
; Synchronization Register Chain Length                                      ; 2                  ; 2                  ;
; PowerPlay Power Optimization                                               ; Normal compilation ; Normal compilation ;
; HDL message level                                                          ; Level2             ; Level2             ;
; Suppress Register Optimization Related Messages                            ; Off                ; Off                ;
; Number of Removed Registers Reported in Synthesis Report                   ; 5000               ; 5000               ;
; Number of Swept Nodes Reported in Synthesis Report                         ; 5000               ; 5000               ;
; Number of Inverted Registers Reported in Synthesis Report                  ; 100                ; 100                ;
; Clock MUX Protection                                                       ; On                 ; On                 ;
; Auto Gated Clock Conversion                                                ; Off                ; Off                ;
; Block Design Naming                                                        ; Auto               ; Auto               ;
; SDC constraint protection                                                  ; Off                ; Off                ;
; Synthesis Effort                                                           ; Auto               ; Auto               ;
; Shift Register Replacement - Allow Asynchronous Clear Signal               ; On                 ; On                 ;
; Pre-Mapping Resynthesis Optimization                                       ; Off                ; Off                ;
; Analysis & Synthesis Message Level                                         ; Medium             ; Medium             ;
; Disable Register Merging Across Hierarchies                                ; Auto               ; Auto               ;
; Resource Aware Inference For Block RAM                                     ; On                 ; On                 ;
; Synthesis Seed                                                             ; 1                  ; 1                  ;
+----------------------------------------------------------------------------+--------------------+--------------------+


Parallel compilation was disabled, but you have multiple processors available. Enable parallel compilation to reduce compilation time.
+-------------------------------------+
; Parallel Compilation                ;
+----------------------------+--------+
; Processors                 ; Number ;
+----------------------------+--------+
; Number detected on machine ; 2      ;
; Maximum allowed            ; 1      ;
+----------------------------+--------+


+----------------------------------------------------------------------------------------------------------------------------------+
; Analysis & Synthesis Source Files Read                                                                                           ;
+----------------------------------+-----------------+-----------------+-------------------------------------------------+---------+
; File Name with User-Entered Path ; Used in Netlist ; File Type       ; File Name with Absolute Path                    ; Library ;
+----------------------------------+-----------------+-----------------+-------------------------------------------------+---------+
; encoder_dir_speed.vhd            ; yes             ; User VHDL File  ; C:/altera/12.1sp1/encoder/encoder_dir_speed.vhd ;         ;
+----------------------------------+-----------------+-----------------+-------------------------------------------------+---------+


+-----------------------------------------------------+
; Analysis & Synthesis Resource Usage Summary         ;
+---------------------------------------------+-------+
; Resource                                    ; Usage ;
+---------------------------------------------+-------+
;                                             ;       ;
; Total combinational functions               ; 0     ;
; Logic element usage by number of LUT inputs ;       ;
;     -- 4 input functions                    ; 0     ;
;     -- 3 input functions                    ; 0     ;
;     -- <=2 input functions                  ; 0     ;
;                                             ;       ;
; Logic elements by mode                      ;       ;
;     -- normal mode                          ; 0     ;
;     -- arithmetic mode                      ; 0     ;
;                                             ;       ;
; Total registers                             ; 0     ;
;     -- Dedicated logic registers            ; 0     ;
;     -- I/O registers                        ; 0     ;
;                                             ;       ;
; I/O pins                                    ; 5     ;
; Embedded Multiplier 9-bit elements          ; 0     ;
+---------------------------------------------+-------+


+-----------------------------------------------------------------------------------------------------------------------------------------------------------------------------+
; Analysis & Synthesis Resource Utilization by Entity                                                                                                                         ;
+----------------------------+-------------------+--------------+-------------+--------------+---------+-----------+------+--------------+---------------------+--------------+
; Compilation Hierarchy Node ; LC Combinationals ; LC Registers ; Memory Bits ; DSP Elements ; DSP 9x9 ; DSP 18x18 ; Pins ; Virtual Pins ; Full Hierarchy Name ; Library Name ;
+----------------------------+-------------------+--------------+-------------+--------------+---------+-----------+------+--------------+---------------------+--------------+
; |encoder_dir_speed         ; 0 (0)             ; 0 (0)        ; 0           ; 0            ; 0       ; 0         ; 5    ; 0            ; |encoder_dir_speed  ;              ;
+----------------------------+-------------------+--------------+-------------+--------------+---------+-----------+------+--------------+---------------------+--------------+
Note: For table entries with two numbers listed, the numbers in parentheses indicate the number of resources of the given type used by the specific entity alone. The numbers listed outside of parentheses indicate the total resources of the given type used by the specific entity and all of its sub-entities in the hierarchy.


Encoding Type:  One-Hot
+------------------------------------------------------------------------------------------------------------------------+
; State Machine - |encoder_dir_speed|currentState                                                                        ;
+--------------------+--------------------+--------------------+------------------+------------------+-------------------+
; Name               ; currentState.other ; currentState.three ; currentState.two ; currentState.one ; currentState.zero ;
+--------------------+--------------------+--------------------+------------------+------------------+-------------------+
; currentState.zero  ; 0                  ; 0                  ; 0                ; 0                ; 0                 ;
; currentState.one   ; 0                  ; 0                  ; 0                ; 1                ; 1                 ;
; currentState.two   ; 0                  ; 0                  ; 1                ; 0                ; 1                 ;
; currentState.three ; 0                  ; 1                  ; 0                ; 0                ; 1                 ;
; currentState.other ; 1                  ; 0                  ; 0                ; 0                ; 1                 ;
+--------------------+--------------------+--------------------+------------------+------------------+-------------------+


Encoding Type:  One-Hot
+------------------------------------------------------------------------------------------------------+
; State Machine - |encoder_dir_speed|prevState                                                         ;
+-----------------+-----------------+-----------------+---------------+---------------+----------------+
; Name            ; prevState.other ; prevState.three ; prevState.two ; prevState.one ; prevState.zero ;
+-----------------+-----------------+-----------------+---------------+---------------+----------------+
; prevState.zero  ; 0               ; 0               ; 0             ; 0             ; 0              ;
; prevState.one   ; 0               ; 0               ; 0             ; 1             ; 1              ;
; prevState.two   ; 0               ; 0               ; 1             ; 0             ; 1              ;
; prevState.three ; 0               ; 1               ; 0             ; 0             ; 1              ;
; prevState.other ; 1               ; 0               ; 0             ; 0             ; 1              ;
+-----------------+-----------------+-----------------+---------------+---------------+----------------+


+-------------------------------------------------------------+
; Registers Removed During Synthesis                          ;
+----------------------------------------+--------------------+
; Register name                          ; Reason for Removal ;
+----------------------------------------+--------------------+
; prevState.zero                         ; Lost fanout        ;
; prevState.one                          ; Lost fanout        ;
; prevState.two                          ; Lost fanout        ;
; prevState.three                        ; Lost fanout        ;
; prevState.other                        ; Lost fanout        ;
; currentState.zero                      ; Lost fanout        ;
; currentState.one                       ; Lost fanout        ;
; currentState.two                       ; Lost fanout        ;
; currentState.three                     ; Lost fanout        ;
; currentState.other                     ; Lost fanout        ;
; Total Number of Removed Registers = 10 ;                    ;
+----------------------------------------+--------------------+


+-------------------------------------------------------------------------------+
; Removed Registers Triggering Further Register Optimizations                   ;
+-----------------+--------------------+----------------------------------------+
; Register name   ; Reason for Removal ; Registers Removed due to This Register ;
+-----------------+--------------------+----------------------------------------+
; prevState.zero  ; Lost Fanouts       ; currentState.zero                      ;
; prevState.one   ; Lost Fanouts       ; currentState.one                       ;
; prevState.two   ; Lost Fanouts       ; currentState.two                       ;
; prevState.three ; Lost Fanouts       ; currentState.three                     ;
; prevState.other ; Lost Fanouts       ; currentState.other                     ;
+-----------------+--------------------+----------------------------------------+


+------------------------------------------------------+
; General Register Statistics                          ;
+----------------------------------------------+-------+
; Statistic                                    ; Value ;
+----------------------------------------------+-------+
; Total registers                              ; 0     ;
; Number of registers using Synchronous Clear  ; 0     ;
; Number of registers using Synchronous Load   ; 0     ;
; Number of registers using Asynchronous Clear ; 0     ;
; Number of registers using Asynchronous Load  ; 0     ;
; Number of registers using Clock Enable       ; 0     ;
; Number of registers using Preset             ; 0     ;
+----------------------------------------------+-------+


+-----------------------------------------------------------------------------------+
; Parameter Settings for User Entity Instance: Top-level Entity: |encoder_dir_speed ;
+----------------+-------+----------------------------------------------------------+
; Parameter Name ; Value ; Type                                                     ;
+----------------+-------+----------------------------------------------------------+
; BUFFER_SIZE    ; 3     ; Signed Integer                                           ;
+----------------+-------+----------------------------------------------------------+
Note: In order to hide this table in the UI and the text report file, please set the "Show Parameter Settings in Synthesis Report" option in "Analysis and Synthesis Settings -> More Settings" to "Off".


+-------------------------------+
; Elapsed Time Per Partition    ;
+----------------+--------------+
; Partition Name ; Elapsed Time ;
+----------------+--------------+
; Top            ; 00:00:00     ;
+----------------+--------------+


+-------------------------------+
; Analysis & Synthesis Messages ;
+-------------------------------+
Info: *******************************************************************
Info: Running Quartus II 32-bit Analysis & Synthesis
    Info: Version 12.1 Build 243 01/31/2013 Service Pack 1 SJ Web Edition
    Info: Processing started: Thu Oct 02 02:13:57 2014
Info: Command: quartus_map --read_settings_files=on --write_settings_files=off encoder_dir_speed -c encoder_dir_speed
Warning (20028): Parallel compilation is not licensed and has been disabled
Info (12021): Found 2 design units, including 1 entities, in source file encoder_dir_speed.vhd
    Info (12022): Found design unit 1: encoder_dir_speed-encoder_behav
    Info (12023): Found entity 1: encoder_dir_speed
Info (12127): Elaborating entity "encoder_dir_speed" for the top level hierarchy
Warning (10631): VHDL Process Statement warning at encoder_dir_speed.vhd(81): inferring latch(es) for signal or variable "fwrd_buffer", which holds its previous value in one or more paths through the process
Warning (10631): VHDL Process Statement warning at encoder_dir_speed.vhd(81): inferring latch(es) for signal or variable "bwrd_buffer", which holds its previous value in one or more paths through the process
Warning (10873): Using initial value X (don't care) for net "fwrd_buffer[3..1]" at encoder_dir_speed.vhd(25)
Warning (10873): Using initial value X (don't care) for net "bwrd_buffer[3..1]" at encoder_dir_speed.vhd(26)
Info (10041): Inferred latch for "bwrd_buffer[0]" at encoder_dir_speed.vhd(81)
Info (10041): Inferred latch for "fwrd_buffer[0]" at encoder_dir_speed.vhd(81)
Warning (13024): Output pins are stuck at VCC or GND
    Warning (13410): Pin "out1_fwrd" is stuck at GND
    Warning (13410): Pin "out1_bwrd" is stuck at GND
Info (17049): 10 registers lost all their fanouts during netlist optimizations.
Info (16010): Generating hard_block partition "hard_block:auto_generated_inst"
    Info (16011): Adding 0 node(s), including 0 DDIO, 0 PLL, 0 transceiver and 0 LCELL
Warning (21074): Design contains 3 input pin(s) that do not drive logic
    Warning (15610): No output dependent on input pin "A1"
    Warning (15610): No output dependent on input pin "B1"
    Warning (15610): No output dependent on input pin "Xor1"
Info (21057): Implemented 5 device resources after synthesis - the final resource count might be different
    Info (21058): Implemented 3 input pins
    Info (21059): Implemented 2 output pins
Info: Quartus II 32-bit Analysis & Synthesis was successful. 0 errors, 12 warnings
    Info: Peak virtual memory: 357 megabytes
    Info: Processing ended: Thu Oct 02 02:14:01 2014
    Info: Elapsed time: 00:00:04
    Info: Total CPU time (on all processors): 00:00:03


